<?xml version="1.0" encoding="UTF-8"?>
<testsuite name="com.demoqa.TextBoxTests" tests="1" skipped="0" failures="0" errors="0" timestamp="2022-11-22T18:23:28" hostname="MacBook-Pro-Maksim.local" time="9.133">
  <properties/>
  <testcase name="fillFormTest()" classname="com.demoqa.TextBoxTests" time="9.133"/>
  <system-out><![CDATA[]]></system-out>
  <system-err><![CDATA[SLF4J: No SLF4J providers were found.
SLF4J: Defaulting to no-operation (NOP) logger implementation
SLF4J: See https://www.slf4j.org/codes.html#noProviders for further details.
SLF4J: Class path contains SLF4J bindings targeting slf4j-api versions 1.7.x or earlier.
SLF4J: Ignoring binding found at [jar:file:/Users/maksimterehin/.gradle/caches/modules-2/files-2.1/org.slf4j/slf4j-simple/1.7.36/a41f9cfe6faafb2eb83a1c7dd2d0dfd844e2a936/slf4j-simple-1.7.36.jar!/org/slf4j/impl/StaticLoggerBinder.class]
SLF4J: See https://www.slf4j.org/codes.html#ignoredBindings for an explanation.
Starting ChromeDriver 107.0.5304.62 (1eec40d3a5764881c92085aaee66d25075c159aa-refs/branch-heads/5304@{#942}) on port 53039
Only local connections are allowed.
Please see https://chromedriver.chromium.org/security-considerations for suggestions on keeping ChromeDriver safe.
ChromeDriver was started successfully.
нояб. 22, 2022 10:23:30 PM org.openqa.selenium.remote.ProtocolHandshake createSession
INFO: Detected upstream dialect: W3C
нояб. 22, 2022 10:23:30 PM org.openqa.selenium.devtools.CdpVersionFinder findNearestMatch
WARNING: Unable to find an exact match for CDP version 107, so returning the closest version found: 106
нояб. 22, 2022 10:23:30 PM org.openqa.selenium.devtools.CdpVersionFinder findNearestMatch
INFO: Found CDP implementation for version 107 of 106
]]></system-err>
</testsuite>
